<?xml version="1.0" encoding="UTF-8"?>
<!-- Generated by org.testng.reporters.JUnitReportReporter -->
<testsuite skipped="0" hostname="DELL-PC" name="p1.LoginTest" tests="4" failures="0" timestamp="30 Sep 2018 13:50:29 GMT" time="33.150" errors="0">
  <testcase name="Test_01" time="11.777" classname="p1.LoginTest"/>
  <testcase name="Test_02" time="19.030" classname="p1.LoginTest"/>
  <testcase name="Test_03" time="2.296" classname="p1.LoginTest"/>
  <testcase name="Test_04" time="0.047" classname="p1.LoginTest"/>
</testsuite> <!-- p1.LoginTest -->
